
2025-10-16 11:28:57 | NEW ORDER
{
    "timestamp": "2025-10-16 11:28:57",
    "order_id": "1760614137257451",
    "name": "гвоіорівф",
    "phone": "4329094329042039",
    "country": "UA",
    "api_key_set": "НІ (ПОМИЛКА!)",
    "full_data": {
        "key": "",
        "order_id": "1760614137257451",
        "country": "UA",
        "office": "1",
        "products": "a%3A1%3A%7Bi%3A0%3Ba%3A3%3A%7Bs%3A10%3A%22product_id%22%3Bs%3A1%3A%221%22%3Bs%3A5%3A%22price%22%3Bs%3A1%3A%220%22%3Bs%3A5%3A%22count%22%3Bs%3A1%3A%221%22%3B%7D%7D",
        "bayer_name": "гвоіорівф",
        "phone": "4329094329042039",
        "email": "",
        "comment": "",
        "notification": "",
        "delivery": "",
        "delivery_adress": "",
        "payment": "",
        "sender": "a%3A36%3A%7Bs%3A13%3A%22DOCUMENT_ROOT%22%3Bs%3A56%3A%22%2FUsers%2Fnowayrm%2FDesktop%2FPotenero+%D0%A3%D0%BA%D1%80++%D0%BF%D0%BE%D1%82%D0%B5%D0%BD%D1%86%D0%B8%D1%8F%22%3Bs%3A11%3A%22REMOTE_ADDR%22%3Bs%3A3%3A%22%3A%3A1%22%3Bs%3A11%3A%22REMOTE_PORT%22%3Bs%3A5%3A%2254575%22%3Bs%3A15%3A%22SERVER_SOFTWARE%22%3Bs%3A31%3A%22PHP%2F8.4.13+%28Development+Server%29%22%3Bs%3A15%3A%22SERVER_PROTOCOL%22%3Bs%3A8%3A%22HTTP%2F1.1%22%3Bs%3A11%3A%22SERVER_NAME%22%3Bs%3A9%3A%22localhost%22%3Bs%3A11%3A%22SERVER_PORT%22%3Bs%3A4%3A%228001%22%3Bs%3A11%3A%22REQUEST_URI%22%3Bs%3A16%3A%22%2Fapi%2Fsuccess.php%22%3Bs%3A14%3A%22REQUEST_METHOD%22%3Bs%3A4%3A%22POST%22%3Bs%3A11%3A%22SCRIPT_NAME%22%3Bs%3A16%3A%22%2Fapi%2Fsuccess.php%22%3Bs%3A15%3A%22SCRIPT_FILENAME%22%3Bs%3A72%3A%22%2FUsers%2Fnowayrm%2FDesktop%2FPotenero+%D0%A3%D0%BA%D1%80++%D0%BF%D0%BE%D1%82%D0%B5%D0%BD%D1%86%D0%B8%D1%8F%2Fapi%2Fsuccess.php%22%3Bs%3A8%3A%22PHP_SELF%22%3Bs%3A16%3A%22%2Fapi%2Fsuccess.php%22%3Bs%3A9%3A%22HTTP_HOST%22%3Bs%3A14%3A%22localhost%3A8001%22%3Bs%3A15%3A%22HTTP_CONNECTION%22%3Bs%3A10%3A%22keep-alive%22%3Bs%3A14%3A%22CONTENT_LENGTH%22%3Bs%3A4%3A%222177%22%3Bs%3A19%3A%22HTTP_CONTENT_LENGTH%22%3Bs%3A4%3A%222177%22%3Bs%3A18%3A%22HTTP_CACHE_CONTROL%22%3Bs%3A9%3A%22max-age%3D0%22%3Bs%3A14%3A%22HTTP_SEC_CH_UA%22%3Bs%3A64%3A%22%22Google+Chrome%22%3Bv%3D%22141%22%2C+%22Not%3FA_Brand%22%3Bv%3D%228%22%2C+%22Chromium%22%3Bv%3D%22141%22%22%3Bs%3A21%3A%22HTTP_SEC_CH_UA_MOBILE%22%3Bs%3A2%3A%22%3F0%22%3Bs%3A23%3A%22HTTP_SEC_CH_UA_PLATFORM%22%3Bs%3A7%3A%22%22macOS%22%22%3Bs%3A11%3A%22HTTP_ORIGIN%22%3Bs%3A21%3A%22http%3A%2F%2Flocalhost%3A8001%22%3Bs%3A12%3A%22CONTENT_TYPE%22%3Bs%3A33%3A%22application%2Fx-www-form-urlencoded%22%3Bs%3A17%3A%22HTTP_CONTENT_TYPE%22%3Bs%3A33%3A%22application%2Fx-www-form-urlencoded%22%3Bs%3A30%3A%22HTTP_UPGRADE_INSECURE_REQUESTS%22%3Bs%3A1%3A%221%22%3Bs%3A15%3A%22HTTP_USER_AGENT%22%3Bs%3A117%3A%22Mozilla%2F5.0+%28Macintosh%3B+Intel+Mac+OS+X+10_15_7%29+AppleWebKit%2F537.36+%28KHTML%2C+like+Gecko%29+Chrome%2F141.0.0.0+Safari%2F537.36%22%3Bs%3A11%3A%22HTTP_ACCEPT%22%3Bs%3A135%3A%22text%2Fhtml%2Capplication%2Fxhtml%2Bxml%2Capplication%2Fxml%3Bq%3D0.9%2Cimage%2Favif%2Cimage%2Fwebp%2Cimage%2Fapng%2C%2A%2F%2A%3Bq%3D0.8%2Capplication%2Fsigned-exchange%3Bv%3Db3%3Bq%3D0.7%22%3Bs%3A19%3A%22HTTP_SEC_FETCH_SITE%22%3Bs%3A11%3A%22same-origin%22%3Bs%3A19%3A%22HTTP_SEC_FETCH_MODE%22%3Bs%3A8%3A%22navigate%22%3Bs%3A19%3A%22HTTP_SEC_FETCH_USER%22%3Bs%3A2%3A%22%3F1%22%3Bs%3A19%3A%22HTTP_SEC_FETCH_DEST%22%3Bs%3A8%3A%22document%22%3Bs%3A12%3A%22HTTP_REFERER%22%3Bs%3A22%3A%22http%3A%2F%2Flocalhost%3A8001%2F%22%3Bs%3A20%3A%22HTTP_ACCEPT_ENCODING%22%3Bs%3A23%3A%22gzip%2C+deflate%2C+br%2C+zstd%22%3Bs%3A20%3A%22HTTP_ACCEPT_LANGUAGE%22%3Bs%3A32%3A%22en-US%2Cen%3Bq%3D0.9%2Cru%3Bq%3D0.8%2Cuk%3Bq%3D0.7%22%3Bs%3A11%3A%22HTTP_COOKIE%22%3Bs%3A841%3A%22_ga%3DGA1.1.2133815245.1741171207%3B+NEXT_LOCALE%3Den%3B+_ga_X9154K7V57%3DGS2.1.s1757322348%24o2%24g0%24t1757322348%24j60%24l0%24h0%3B+_gcl_au%3D1.1.742147967.1758548070%3B+remember_web_59ba36addc2b2f9401580f014c7f58ea4e30989d%3DeyJpdiI6IndGa1l5aXJXRVdUOWhtdjJTbkxrVnc9PSIsInZhbHVlIjoiUStJZFczMmZ0bXZOTDgwYXpXdTJhQ2E5OVZzZllQZjQ5U1dRRWNVTUJCVlZWUm1UQW1LVmV3SUFKREtRTHpaWm10YmFkSFAwQnAvVEJrUHlTRmJwNVhVZDFVVFFRc1JrMTV0dG50MG9DeFZERTh3ak5jS0d2dVBnZk9yaVpEWG9mTHRhOUxteEZnb1pUU2luc1dMWkxnZHE4TjBtOGpzUUk4d2Njdjk2WktGUURNQ08vb3NUcncwVFk4aitZUGk4M2k4V2RPZzBuOGdRa3hJQzlSN3FTWWRObkhveG9NVkVCRHFsQUptTUdVOD0iLCJtYWMiOiI2NDUzZWNiOTRhNTBjODYxZWFhNjcwZjI5MGY1MTA5NGE2ZTBhMmJjMGVjYzAzNmIzZDE4ODJlZTY5M2ZmMWMxIiwidGFnIjoiIn0%253D%3B+preferredLocale%3Den%3B+admin_auth%3DYWRtaW46MTIzMTIz%3B+_ga_7YWVBBJP8X%3DGS2.1.s1760382478%24o37%24g1%24t1760387415%24j60%24l0%24h0%3B+PHPSESSID%3Dd6494b7f553732a48d408b2682633f46%22%3Bs%3A18%3A%22REQUEST_TIME_FLOAT%22%3Bd%3A1760614137.240317%3Bs%3A12%3A%22REQUEST_TIME%22%3Bi%3A1760614137%3B%7D",
        "utm_source": "",
        "utm_medium": "",
        "utm_term": "",
        "utm_content": "",
        "utm_campaign": "",
        "additional_1": "",
        "additional_2": "",
        "additional_3": "",
        "additional_4": ""
    }
}
--------------------------------------------------------------------------------
RESPONSE: {
    "timestamp": "2025-10-16 11:28:58",
    "order_id": "1760614137257451",
    "http_code": 200,
    "curl_error": "немає",
    "response": {
        "status": "error",
        "message": "Ошибка настроек CRM: ключ API не найден в системе! Перейдите в настройки и создайте ключ."
    }
}


2025-10-16 11:47:13 | NEW ORDER
{
    "timestamp": "2025-10-16 11:47:13",
    "order_id": "1760615233152095",
    "name": "лвілофолвіф",
    "phone": "3124432231",
    "country": "UA",
    "api_key_set": "ТАК",
    "full_data": {
        "key": "63f1bda9312c1cac1caa08614c01e7b3",
        "order_id": "1760615233152095",
        "country": "UA",
        "office": "1",
        "products": "a%3A1%3A%7Bi%3A0%3Ba%3A3%3A%7Bs%3A10%3A%22product_id%22%3Bs%3A1%3A%221%22%3Bs%3A5%3A%22price%22%3Bs%3A1%3A%220%22%3Bs%3A5%3A%22count%22%3Bs%3A1%3A%221%22%3B%7D%7D",
        "bayer_name": "лвілофолвіф",
        "phone": "3124432231",
        "email": "",
        "comment": "",
        "notification": "",
        "delivery": "",
        "delivery_adress": "",
        "payment": "",
        "sender": "a%3A36%3A%7Bs%3A13%3A%22DOCUMENT_ROOT%22%3Bs%3A56%3A%22%2FUsers%2Fnowayrm%2FDesktop%2FPotenero+%D0%A3%D0%BA%D1%80++%D0%BF%D0%BE%D1%82%D0%B5%D0%BD%D1%86%D0%B8%D1%8F%22%3Bs%3A11%3A%22REMOTE_ADDR%22%3Bs%3A3%3A%22%3A%3A1%22%3Bs%3A11%3A%22REMOTE_PORT%22%3Bs%3A5%3A%2255223%22%3Bs%3A15%3A%22SERVER_SOFTWARE%22%3Bs%3A31%3A%22PHP%2F8.4.13+%28Development+Server%29%22%3Bs%3A15%3A%22SERVER_PROTOCOL%22%3Bs%3A8%3A%22HTTP%2F1.1%22%3Bs%3A11%3A%22SERVER_NAME%22%3Bs%3A9%3A%22localhost%22%3Bs%3A11%3A%22SERVER_PORT%22%3Bs%3A4%3A%228000%22%3Bs%3A11%3A%22REQUEST_URI%22%3Bs%3A16%3A%22%2Fapi%2Fsuccess.php%22%3Bs%3A14%3A%22REQUEST_METHOD%22%3Bs%3A4%3A%22POST%22%3Bs%3A11%3A%22SCRIPT_NAME%22%3Bs%3A16%3A%22%2Fapi%2Fsuccess.php%22%3Bs%3A15%3A%22SCRIPT_FILENAME%22%3Bs%3A72%3A%22%2FUsers%2Fnowayrm%2FDesktop%2FPotenero+%D0%A3%D0%BA%D1%80++%D0%BF%D0%BE%D1%82%D0%B5%D0%BD%D1%86%D0%B8%D1%8F%2Fapi%2Fsuccess.php%22%3Bs%3A8%3A%22PHP_SELF%22%3Bs%3A16%3A%22%2Fapi%2Fsuccess.php%22%3Bs%3A9%3A%22HTTP_HOST%22%3Bs%3A14%3A%22localhost%3A8000%22%3Bs%3A15%3A%22HTTP_CONNECTION%22%3Bs%3A10%3A%22keep-alive%22%3Bs%3A14%3A%22CONTENT_LENGTH%22%3Bs%3A4%3A%222185%22%3Bs%3A19%3A%22HTTP_CONTENT_LENGTH%22%3Bs%3A4%3A%222185%22%3Bs%3A18%3A%22HTTP_CACHE_CONTROL%22%3Bs%3A9%3A%22max-age%3D0%22%3Bs%3A14%3A%22HTTP_SEC_CH_UA%22%3Bs%3A64%3A%22%22Google+Chrome%22%3Bv%3D%22141%22%2C+%22Not%3FA_Brand%22%3Bv%3D%228%22%2C+%22Chromium%22%3Bv%3D%22141%22%22%3Bs%3A21%3A%22HTTP_SEC_CH_UA_MOBILE%22%3Bs%3A2%3A%22%3F0%22%3Bs%3A23%3A%22HTTP_SEC_CH_UA_PLATFORM%22%3Bs%3A7%3A%22%22macOS%22%22%3Bs%3A11%3A%22HTTP_ORIGIN%22%3Bs%3A21%3A%22http%3A%2F%2Flocalhost%3A8000%22%3Bs%3A12%3A%22CONTENT_TYPE%22%3Bs%3A33%3A%22application%2Fx-www-form-urlencoded%22%3Bs%3A17%3A%22HTTP_CONTENT_TYPE%22%3Bs%3A33%3A%22application%2Fx-www-form-urlencoded%22%3Bs%3A30%3A%22HTTP_UPGRADE_INSECURE_REQUESTS%22%3Bs%3A1%3A%221%22%3Bs%3A15%3A%22HTTP_USER_AGENT%22%3Bs%3A117%3A%22Mozilla%2F5.0+%28Macintosh%3B+Intel+Mac+OS+X+10_15_7%29+AppleWebKit%2F537.36+%28KHTML%2C+like+Gecko%29+Chrome%2F141.0.0.0+Safari%2F537.36%22%3Bs%3A11%3A%22HTTP_ACCEPT%22%3Bs%3A135%3A%22text%2Fhtml%2Capplication%2Fxhtml%2Bxml%2Capplication%2Fxml%3Bq%3D0.9%2Cimage%2Favif%2Cimage%2Fwebp%2Cimage%2Fapng%2C%2A%2F%2A%3Bq%3D0.8%2Capplication%2Fsigned-exchange%3Bv%3Db3%3Bq%3D0.7%22%3Bs%3A19%3A%22HTTP_SEC_FETCH_SITE%22%3Bs%3A11%3A%22same-origin%22%3Bs%3A19%3A%22HTTP_SEC_FETCH_MODE%22%3Bs%3A8%3A%22navigate%22%3Bs%3A19%3A%22HTTP_SEC_FETCH_USER%22%3Bs%3A2%3A%22%3F1%22%3Bs%3A19%3A%22HTTP_SEC_FETCH_DEST%22%3Bs%3A8%3A%22document%22%3Bs%3A12%3A%22HTTP_REFERER%22%3Bs%3A31%3A%22http%3A%2F%2Flocalhost%3A8000%2Findex.php%22%3Bs%3A20%3A%22HTTP_ACCEPT_ENCODING%22%3Bs%3A23%3A%22gzip%2C+deflate%2C+br%2C+zstd%22%3Bs%3A20%3A%22HTTP_ACCEPT_LANGUAGE%22%3Bs%3A32%3A%22en-US%2Cen%3Bq%3D0.9%2Cru%3Bq%3D0.8%2Cuk%3Bq%3D0.7%22%3Bs%3A11%3A%22HTTP_COOKIE%22%3Bs%3A841%3A%22_ga%3DGA1.1.2133815245.1741171207%3B+NEXT_LOCALE%3Den%3B+_ga_X9154K7V57%3DGS2.1.s1757322348%24o2%24g0%24t1757322348%24j60%24l0%24h0%3B+_gcl_au%3D1.1.742147967.1758548070%3B+remember_web_59ba36addc2b2f9401580f014c7f58ea4e30989d%3DeyJpdiI6IndGa1l5aXJXRVdUOWhtdjJTbkxrVnc9PSIsInZhbHVlIjoiUStJZFczMmZ0bXZOTDgwYXpXdTJhQ2E5OVZzZllQZjQ5U1dRRWNVTUJCVlZWUm1UQW1LVmV3SUFKREtRTHpaWm10YmFkSFAwQnAvVEJrUHlTRmJwNVhVZDFVVFFRc1JrMTV0dG50MG9DeFZERTh3ak5jS0d2dVBnZk9yaVpEWG9mTHRhOUxteEZnb1pUU2luc1dMWkxnZHE4TjBtOGpzUUk4d2Njdjk2WktGUURNQ08vb3NUcncwVFk4aitZUGk4M2k4V2RPZzBuOGdRa3hJQzlSN3FTWWRObkhveG9NVkVCRHFsQUptTUdVOD0iLCJtYWMiOiI2NDUzZWNiOTRhNTBjODYxZWFhNjcwZjI5MGY1MTA5NGE2ZTBhMmJjMGVjYzAzNmIzZDE4ODJlZTY5M2ZmMWMxIiwidGFnIjoiIn0%253D%3B+preferredLocale%3Den%3B+admin_auth%3DYWRtaW46MTIzMTIz%3B+_ga_7YWVBBJP8X%3DGS2.1.s1760382478%24o37%24g1%24t1760387415%24j60%24l0%24h0%3B+PHPSESSID%3Dd6494b7f553732a48d408b2682633f46%22%3Bs%3A18%3A%22REQUEST_TIME_FLOAT%22%3Bd%3A1760615233.147692%3Bs%3A12%3A%22REQUEST_TIME%22%3Bi%3A1760615233%3B%7D",
        "utm_source": "",
        "utm_medium": "",
        "utm_term": "",
        "utm_content": "",
        "utm_campaign": "",
        "additional_1": "",
        "additional_2": "",
        "additional_3": "",
        "additional_4": ""
    }
}
--------------------------------------------------------------------------------
RESPONSE: {
    "timestamp": "2025-10-16 11:47:14",
    "order_id": "1760615233152095",
    "http_code": 200,
    "curl_error": "немає",
    "response": {
        "status": "ok",
        "data": [
            {
                "id": "2",
                "order_id": "1760615233152095",
                "country": "UA",
                "site": "localhost",
                "ip": "::1"
            }
        ],
        "message": [
            "Заказ успешно добавлен"
        ]
    }
}


2025-10-16 13:04:08 | NEW ORDER
{
    "timestamp": "2025-10-16 13:04:08",
    "order_id": "1760619848915294",
    "name": "dkalslkdklads",
    "phone": "1234567890",
    "country": "UA",
    "api_key_set": "ТАК",
    "full_data": {
        "key": "63f1bda9312c1cac1caa08614c01e7b3",
        "order_id": "1760619848915294",
        "country": "UA",
        "office": "1",
        "products": "a%3A1%3A%7Bi%3A0%3Ba%3A3%3A%7Bs%3A10%3A%22product_id%22%3Bs%3A1%3A%225%22%3Bs%3A5%3A%22price%22%3Bs%3A3%3A%22990%22%3Bs%3A5%3A%22count%22%3Bs%3A1%3A%221%22%3B%7D%7D",
        "bayer_name": "dkalslkdklads",
        "phone": "1234567890",
        "email": "",
        "comment": "",
        "notification": "",
        "delivery": "",
        "delivery_adress": "",
        "payment": "",
        "sender": "a%3A36%3A%7Bs%3A13%3A%22DOCUMENT_ROOT%22%3Bs%3A56%3A%22%2FUsers%2Fnowayrm%2FDesktop%2FPotenero+%D0%A3%D0%BA%D1%80++%D0%BF%D0%BE%D1%82%D0%B5%D0%BD%D1%86%D0%B8%D1%8F%22%3Bs%3A11%3A%22REMOTE_ADDR%22%3Bs%3A3%3A%22%3A%3A1%22%3Bs%3A11%3A%22REMOTE_PORT%22%3Bs%3A5%3A%2256886%22%3Bs%3A15%3A%22SERVER_SOFTWARE%22%3Bs%3A31%3A%22PHP%2F8.4.13+%28Development+Server%29%22%3Bs%3A15%3A%22SERVER_PROTOCOL%22%3Bs%3A8%3A%22HTTP%2F1.1%22%3Bs%3A11%3A%22SERVER_NAME%22%3Bs%3A9%3A%22localhost%22%3Bs%3A11%3A%22SERVER_PORT%22%3Bs%3A4%3A%228000%22%3Bs%3A11%3A%22REQUEST_URI%22%3Bs%3A16%3A%22%2Fapi%2Fsuccess.php%22%3Bs%3A14%3A%22REQUEST_METHOD%22%3Bs%3A4%3A%22POST%22%3Bs%3A11%3A%22SCRIPT_NAME%22%3Bs%3A16%3A%22%2Fapi%2Fsuccess.php%22%3Bs%3A15%3A%22SCRIPT_FILENAME%22%3Bs%3A72%3A%22%2FUsers%2Fnowayrm%2FDesktop%2FPotenero+%D0%A3%D0%BA%D1%80++%D0%BF%D0%BE%D1%82%D0%B5%D0%BD%D1%86%D0%B8%D1%8F%2Fapi%2Fsuccess.php%22%3Bs%3A8%3A%22PHP_SELF%22%3Bs%3A16%3A%22%2Fapi%2Fsuccess.php%22%3Bs%3A9%3A%22HTTP_HOST%22%3Bs%3A14%3A%22localhost%3A8000%22%3Bs%3A15%3A%22HTTP_CONNECTION%22%3Bs%3A10%3A%22keep-alive%22%3Bs%3A14%3A%22CONTENT_LENGTH%22%3Bs%3A4%3A%222130%22%3Bs%3A19%3A%22HTTP_CONTENT_LENGTH%22%3Bs%3A4%3A%222130%22%3Bs%3A18%3A%22HTTP_CACHE_CONTROL%22%3Bs%3A9%3A%22max-age%3D0%22%3Bs%3A14%3A%22HTTP_SEC_CH_UA%22%3Bs%3A64%3A%22%22Google+Chrome%22%3Bv%3D%22141%22%2C+%22Not%3FA_Brand%22%3Bv%3D%228%22%2C+%22Chromium%22%3Bv%3D%22141%22%22%3Bs%3A21%3A%22HTTP_SEC_CH_UA_MOBILE%22%3Bs%3A2%3A%22%3F0%22%3Bs%3A23%3A%22HTTP_SEC_CH_UA_PLATFORM%22%3Bs%3A7%3A%22%22macOS%22%22%3Bs%3A11%3A%22HTTP_ORIGIN%22%3Bs%3A21%3A%22http%3A%2F%2Flocalhost%3A8000%22%3Bs%3A12%3A%22CONTENT_TYPE%22%3Bs%3A33%3A%22application%2Fx-www-form-urlencoded%22%3Bs%3A17%3A%22HTTP_CONTENT_TYPE%22%3Bs%3A33%3A%22application%2Fx-www-form-urlencoded%22%3Bs%3A30%3A%22HTTP_UPGRADE_INSECURE_REQUESTS%22%3Bs%3A1%3A%221%22%3Bs%3A15%3A%22HTTP_USER_AGENT%22%3Bs%3A117%3A%22Mozilla%2F5.0+%28Macintosh%3B+Intel+Mac+OS+X+10_15_7%29+AppleWebKit%2F537.36+%28KHTML%2C+like+Gecko%29+Chrome%2F141.0.0.0+Safari%2F537.36%22%3Bs%3A11%3A%22HTTP_ACCEPT%22%3Bs%3A135%3A%22text%2Fhtml%2Capplication%2Fxhtml%2Bxml%2Capplication%2Fxml%3Bq%3D0.9%2Cimage%2Favif%2Cimage%2Fwebp%2Cimage%2Fapng%2C%2A%2F%2A%3Bq%3D0.8%2Capplication%2Fsigned-exchange%3Bv%3Db3%3Bq%3D0.7%22%3Bs%3A19%3A%22HTTP_SEC_FETCH_SITE%22%3Bs%3A11%3A%22same-origin%22%3Bs%3A19%3A%22HTTP_SEC_FETCH_MODE%22%3Bs%3A8%3A%22navigate%22%3Bs%3A19%3A%22HTTP_SEC_FETCH_USER%22%3Bs%3A2%3A%22%3F1%22%3Bs%3A19%3A%22HTTP_SEC_FETCH_DEST%22%3Bs%3A8%3A%22document%22%3Bs%3A12%3A%22HTTP_REFERER%22%3Bs%3A22%3A%22http%3A%2F%2Flocalhost%3A8000%2F%22%3Bs%3A20%3A%22HTTP_ACCEPT_ENCODING%22%3Bs%3A23%3A%22gzip%2C+deflate%2C+br%2C+zstd%22%3Bs%3A20%3A%22HTTP_ACCEPT_LANGUAGE%22%3Bs%3A32%3A%22en-US%2Cen%3Bq%3D0.9%2Cru%3Bq%3D0.8%2Cuk%3Bq%3D0.7%22%3Bs%3A11%3A%22HTTP_COOKIE%22%3Bs%3A841%3A%22_ga%3DGA1.1.2133815245.1741171207%3B+NEXT_LOCALE%3Den%3B+_ga_X9154K7V57%3DGS2.1.s1757322348%24o2%24g0%24t1757322348%24j60%24l0%24h0%3B+_gcl_au%3D1.1.742147967.1758548070%3B+remember_web_59ba36addc2b2f9401580f014c7f58ea4e30989d%3DeyJpdiI6IndGa1l5aXJXRVdUOWhtdjJTbkxrVnc9PSIsInZhbHVlIjoiUStJZFczMmZ0bXZOTDgwYXpXdTJhQ2E5OVZzZllQZjQ5U1dRRWNVTUJCVlZWUm1UQW1LVmV3SUFKREtRTHpaWm10YmFkSFAwQnAvVEJrUHlTRmJwNVhVZDFVVFFRc1JrMTV0dG50MG9DeFZERTh3ak5jS0d2dVBnZk9yaVpEWG9mTHRhOUxteEZnb1pUU2luc1dMWkxnZHE4TjBtOGpzUUk4d2Njdjk2WktGUURNQ08vb3NUcncwVFk4aitZUGk4M2k4V2RPZzBuOGdRa3hJQzlSN3FTWWRObkhveG9NVkVCRHFsQUptTUdVOD0iLCJtYWMiOiI2NDUzZWNiOTRhNTBjODYxZWFhNjcwZjI5MGY1MTA5NGE2ZTBhMmJjMGVjYzAzNmIzZDE4ODJlZTY5M2ZmMWMxIiwidGFnIjoiIn0%253D%3B+preferredLocale%3Den%3B+admin_auth%3DYWRtaW46MTIzMTIz%3B+_ga_7YWVBBJP8X%3DGS2.1.s1760382478%24o37%24g1%24t1760387415%24j60%24l0%24h0%3B+PHPSESSID%3Dd6494b7f553732a48d408b2682633f46%22%3Bs%3A18%3A%22REQUEST_TIME_FLOAT%22%3Bd%3A1760619848.856799%3Bs%3A12%3A%22REQUEST_TIME%22%3Bi%3A1760619848%3B%7D",
        "utm_source": "",
        "utm_medium": "",
        "utm_term": "",
        "utm_content": "",
        "utm_campaign": "",
        "additional_1": "",
        "additional_2": "",
        "additional_3": "",
        "additional_4": ""
    }
}
--------------------------------------------------------------------------------
RESPONSE: {
    "timestamp": "2025-10-16 13:04:10",
    "order_id": "1760619848915294",
    "http_code": 200,
    "curl_error": "немає",
    "response": {
        "status": "ok",
        "data": [
            {
                "id": "3",
                "order_id": "1760619848915294",
                "country": "UA",
                "site": "localhost",
                "ip": "::1"
            }
        ],
        "message": [
            "Заказ успешно добавлен"
        ]
    }
}


2025-10-16 13:10:08 | NEW ORDER
{
    "timestamp": "2025-10-16 13:10:08",
    "order_id": "1760620208937009",
    "name": "влоілфовлофів",
    "phone": "213883298213",
    "country": "UA (авто-визначено по IP: ::1)",
    "api_key_set": "ТАК",
    "full_data": {
        "key": "63f1bda9312c1cac1caa08614c01e7b3",
        "order_id": "1760620208937009",
        "country": "UA",
        "office": "1",
        "products": "a%3A1%3A%7Bi%3A0%3Ba%3A3%3A%7Bs%3A10%3A%22product_id%22%3Bs%3A1%3A%225%22%3Bs%3A5%3A%22price%22%3Bs%3A3%3A%22990%22%3Bs%3A5%3A%22count%22%3Bs%3A1%3A%221%22%3B%7D%7D",
        "bayer_name": "влоілфовлофів",
        "phone": "213883298213",
        "email": "",
        "comment": "",
        "notification": "",
        "delivery": "",
        "delivery_adress": "",
        "payment": "",
        "sender": "a%3A36%3A%7Bs%3A13%3A%22DOCUMENT_ROOT%22%3Bs%3A56%3A%22%2FUsers%2Fnowayrm%2FDesktop%2FPotenero+%D0%A3%D0%BA%D1%80++%D0%BF%D0%BE%D1%82%D0%B5%D0%BD%D1%86%D0%B8%D1%8F%22%3Bs%3A11%3A%22REMOTE_ADDR%22%3Bs%3A3%3A%22%3A%3A1%22%3Bs%3A11%3A%22REMOTE_PORT%22%3Bs%3A5%3A%2257456%22%3Bs%3A15%3A%22SERVER_SOFTWARE%22%3Bs%3A31%3A%22PHP%2F8.4.13+%28Development+Server%29%22%3Bs%3A15%3A%22SERVER_PROTOCOL%22%3Bs%3A8%3A%22HTTP%2F1.1%22%3Bs%3A11%3A%22SERVER_NAME%22%3Bs%3A9%3A%22localhost%22%3Bs%3A11%3A%22SERVER_PORT%22%3Bs%3A4%3A%228000%22%3Bs%3A11%3A%22REQUEST_URI%22%3Bs%3A16%3A%22%2Fapi%2Fsuccess.php%22%3Bs%3A14%3A%22REQUEST_METHOD%22%3Bs%3A4%3A%22POST%22%3Bs%3A11%3A%22SCRIPT_NAME%22%3Bs%3A16%3A%22%2Fapi%2Fsuccess.php%22%3Bs%3A15%3A%22SCRIPT_FILENAME%22%3Bs%3A72%3A%22%2FUsers%2Fnowayrm%2FDesktop%2FPotenero+%D0%A3%D0%BA%D1%80++%D0%BF%D0%BE%D1%82%D0%B5%D0%BD%D1%86%D0%B8%D1%8F%2Fapi%2Fsuccess.php%22%3Bs%3A8%3A%22PHP_SELF%22%3Bs%3A16%3A%22%2Fapi%2Fsuccess.php%22%3Bs%3A9%3A%22HTTP_HOST%22%3Bs%3A14%3A%22localhost%3A8000%22%3Bs%3A15%3A%22HTTP_CONNECTION%22%3Bs%3A10%3A%22keep-alive%22%3Bs%3A14%3A%22CONTENT_LENGTH%22%3Bs%3A4%3A%221999%22%3Bs%3A19%3A%22HTTP_CONTENT_LENGTH%22%3Bs%3A4%3A%221999%22%3Bs%3A18%3A%22HTTP_CACHE_CONTROL%22%3Bs%3A9%3A%22max-age%3D0%22%3Bs%3A14%3A%22HTTP_SEC_CH_UA%22%3Bs%3A64%3A%22%22Google+Chrome%22%3Bv%3D%22141%22%2C+%22Not%3FA_Brand%22%3Bv%3D%228%22%2C+%22Chromium%22%3Bv%3D%22141%22%22%3Bs%3A21%3A%22HTTP_SEC_CH_UA_MOBILE%22%3Bs%3A2%3A%22%3F0%22%3Bs%3A23%3A%22HTTP_SEC_CH_UA_PLATFORM%22%3Bs%3A7%3A%22%22macOS%22%22%3Bs%3A11%3A%22HTTP_ORIGIN%22%3Bs%3A21%3A%22http%3A%2F%2Flocalhost%3A8000%22%3Bs%3A12%3A%22CONTENT_TYPE%22%3Bs%3A33%3A%22application%2Fx-www-form-urlencoded%22%3Bs%3A17%3A%22HTTP_CONTENT_TYPE%22%3Bs%3A33%3A%22application%2Fx-www-form-urlencoded%22%3Bs%3A30%3A%22HTTP_UPGRADE_INSECURE_REQUESTS%22%3Bs%3A1%3A%221%22%3Bs%3A15%3A%22HTTP_USER_AGENT%22%3Bs%3A117%3A%22Mozilla%2F5.0+%28Macintosh%3B+Intel+Mac+OS+X+10_15_7%29+AppleWebKit%2F537.36+%28KHTML%2C+like+Gecko%29+Chrome%2F141.0.0.0+Safari%2F537.36%22%3Bs%3A11%3A%22HTTP_ACCEPT%22%3Bs%3A135%3A%22text%2Fhtml%2Capplication%2Fxhtml%2Bxml%2Capplication%2Fxml%3Bq%3D0.9%2Cimage%2Favif%2Cimage%2Fwebp%2Cimage%2Fapng%2C%2A%2F%2A%3Bq%3D0.8%2Capplication%2Fsigned-exchange%3Bv%3Db3%3Bq%3D0.7%22%3Bs%3A19%3A%22HTTP_SEC_FETCH_SITE%22%3Bs%3A11%3A%22same-origin%22%3Bs%3A19%3A%22HTTP_SEC_FETCH_MODE%22%3Bs%3A8%3A%22navigate%22%3Bs%3A19%3A%22HTTP_SEC_FETCH_USER%22%3Bs%3A2%3A%22%3F1%22%3Bs%3A19%3A%22HTTP_SEC_FETCH_DEST%22%3Bs%3A8%3A%22document%22%3Bs%3A12%3A%22HTTP_REFERER%22%3Bs%3A22%3A%22http%3A%2F%2Flocalhost%3A8000%2F%22%3Bs%3A20%3A%22HTTP_ACCEPT_ENCODING%22%3Bs%3A23%3A%22gzip%2C+deflate%2C+br%2C+zstd%22%3Bs%3A20%3A%22HTTP_ACCEPT_LANGUAGE%22%3Bs%3A32%3A%22en-US%2Cen%3Bq%3D0.9%2Cru%3Bq%3D0.8%2Cuk%3Bq%3D0.7%22%3Bs%3A11%3A%22HTTP_COOKIE%22%3Bs%3A841%3A%22_ga%3DGA1.1.2133815245.1741171207%3B+NEXT_LOCALE%3Den%3B+_ga_X9154K7V57%3DGS2.1.s1757322348%24o2%24g0%24t1757322348%24j60%24l0%24h0%3B+_gcl_au%3D1.1.742147967.1758548070%3B+remember_web_59ba36addc2b2f9401580f014c7f58ea4e30989d%3DeyJpdiI6IndGa1l5aXJXRVdUOWhtdjJTbkxrVnc9PSIsInZhbHVlIjoiUStJZFczMmZ0bXZOTDgwYXpXdTJhQ2E5OVZzZllQZjQ5U1dRRWNVTUJCVlZWUm1UQW1LVmV3SUFKREtRTHpaWm10YmFkSFAwQnAvVEJrUHlTRmJwNVhVZDFVVFFRc1JrMTV0dG50MG9DeFZERTh3ak5jS0d2dVBnZk9yaVpEWG9mTHRhOUxteEZnb1pUU2luc1dMWkxnZHE4TjBtOGpzUUk4d2Njdjk2WktGUURNQ08vb3NUcncwVFk4aitZUGk4M2k4V2RPZzBuOGdRa3hJQzlSN3FTWWRObkhveG9NVkVCRHFsQUptTUdVOD0iLCJtYWMiOiI2NDUzZWNiOTRhNTBjODYxZWFhNjcwZjI5MGY1MTA5NGE2ZTBhMmJjMGVjYzAzNmIzZDE4ODJlZTY5M2ZmMWMxIiwidGFnIjoiIn0%253D%3B+preferredLocale%3Den%3B+admin_auth%3DYWRtaW46MTIzMTIz%3B+_ga_7YWVBBJP8X%3DGS2.1.s1760382478%24o37%24g1%24t1760387415%24j60%24l0%24h0%3B+PHPSESSID%3Dd6494b7f553732a48d408b2682633f46%22%3Bs%3A18%3A%22REQUEST_TIME_FLOAT%22%3Bd%3A1760620208.866167%3Bs%3A12%3A%22REQUEST_TIME%22%3Bi%3A1760620208%3B%7D",
        "utm_source": "",
        "utm_medium": "",
        "utm_term": "",
        "utm_content": "",
        "utm_campaign": "",
        "additional_1": "",
        "additional_2": "",
        "additional_3": "",
        "additional_4": ""
    }
}
--------------------------------------------------------------------------------
RESPONSE: {
    "timestamp": "2025-10-16 13:10:10",
    "order_id": "1760620208937009",
    "http_code": 200,
    "curl_error": "немає",
    "response": {
        "status": "ok",
        "data": [
            {
                "id": "4",
                "order_id": "1760620208937009",
                "country": "UA",
                "site": "localhost",
                "ip": "::1"
            }
        ],
        "message": [
            "Заказ успешно добавлен"
        ]
    }
}


2025-10-16 13:18:24 | NEW ORDER
{
    "timestamp": "2025-10-16 13:18:24",
    "order_id": "1760620704420877",
    "name": "test1",
    "phone": "12312312312",
    "country": "UA (авто-визначено по IP: ::1)",
    "api_key_set": "ТАК",
    "full_data": {
        "key": "63f1bda9312c1cac1caa08614c01e7b3",
        "order_id": "1760620704420877",
        "country": "UA",
        "office": "1",
        "products": "a%3A1%3A%7Bi%3A0%3Ba%3A3%3A%7Bs%3A10%3A%22product_id%22%3Bs%3A1%3A%225%22%3Bs%3A5%3A%22price%22%3Bs%3A3%3A%22990%22%3Bs%3A5%3A%22count%22%3Bs%3A1%3A%221%22%3B%7D%7D",
        "bayer_name": "test1",
        "phone": "12312312312",
        "email": "",
        "comment": "",
        "notification": "",
        "delivery": "",
        "delivery_adress": "",
        "payment": "",
        "sender": "a%3A36%3A%7Bs%3A13%3A%22DOCUMENT_ROOT%22%3Bs%3A56%3A%22%2FUsers%2Fnowayrm%2FDesktop%2FPotenero+%D0%A3%D0%BA%D1%80++%D0%BF%D0%BE%D1%82%D0%B5%D0%BD%D1%86%D0%B8%D1%8F%22%3Bs%3A11%3A%22REMOTE_ADDR%22%3Bs%3A3%3A%22%3A%3A1%22%3Bs%3A11%3A%22REMOTE_PORT%22%3Bs%3A5%3A%2257719%22%3Bs%3A15%3A%22SERVER_SOFTWARE%22%3Bs%3A31%3A%22PHP%2F8.4.13+%28Development+Server%29%22%3Bs%3A15%3A%22SERVER_PROTOCOL%22%3Bs%3A8%3A%22HTTP%2F1.1%22%3Bs%3A11%3A%22SERVER_NAME%22%3Bs%3A9%3A%22localhost%22%3Bs%3A11%3A%22SERVER_PORT%22%3Bs%3A4%3A%228000%22%3Bs%3A11%3A%22REQUEST_URI%22%3Bs%3A16%3A%22%2Fapi%2Fsuccess.php%22%3Bs%3A14%3A%22REQUEST_METHOD%22%3Bs%3A4%3A%22POST%22%3Bs%3A11%3A%22SCRIPT_NAME%22%3Bs%3A16%3A%22%2Fapi%2Fsuccess.php%22%3Bs%3A15%3A%22SCRIPT_FILENAME%22%3Bs%3A72%3A%22%2FUsers%2Fnowayrm%2FDesktop%2FPotenero+%D0%A3%D0%BA%D1%80++%D0%BF%D0%BE%D1%82%D0%B5%D0%BD%D1%86%D0%B8%D1%8F%2Fapi%2Fsuccess.php%22%3Bs%3A8%3A%22PHP_SELF%22%3Bs%3A16%3A%22%2Fapi%2Fsuccess.php%22%3Bs%3A9%3A%22HTTP_HOST%22%3Bs%3A14%3A%22localhost%3A8000%22%3Bs%3A15%3A%22HTTP_CONNECTION%22%3Bs%3A10%3A%22keep-alive%22%3Bs%3A14%3A%22CONTENT_LENGTH%22%3Bs%3A4%3A%221925%22%3Bs%3A19%3A%22HTTP_CONTENT_LENGTH%22%3Bs%3A4%3A%221925%22%3Bs%3A18%3A%22HTTP_CACHE_CONTROL%22%3Bs%3A9%3A%22max-age%3D0%22%3Bs%3A14%3A%22HTTP_SEC_CH_UA%22%3Bs%3A64%3A%22%22Google+Chrome%22%3Bv%3D%22141%22%2C+%22Not%3FA_Brand%22%3Bv%3D%228%22%2C+%22Chromium%22%3Bv%3D%22141%22%22%3Bs%3A21%3A%22HTTP_SEC_CH_UA_MOBILE%22%3Bs%3A2%3A%22%3F0%22%3Bs%3A23%3A%22HTTP_SEC_CH_UA_PLATFORM%22%3Bs%3A7%3A%22%22macOS%22%22%3Bs%3A11%3A%22HTTP_ORIGIN%22%3Bs%3A21%3A%22http%3A%2F%2Flocalhost%3A8000%22%3Bs%3A12%3A%22CONTENT_TYPE%22%3Bs%3A33%3A%22application%2Fx-www-form-urlencoded%22%3Bs%3A17%3A%22HTTP_CONTENT_TYPE%22%3Bs%3A33%3A%22application%2Fx-www-form-urlencoded%22%3Bs%3A30%3A%22HTTP_UPGRADE_INSECURE_REQUESTS%22%3Bs%3A1%3A%221%22%3Bs%3A15%3A%22HTTP_USER_AGENT%22%3Bs%3A117%3A%22Mozilla%2F5.0+%28Macintosh%3B+Intel+Mac+OS+X+10_15_7%29+AppleWebKit%2F537.36+%28KHTML%2C+like+Gecko%29+Chrome%2F141.0.0.0+Safari%2F537.36%22%3Bs%3A11%3A%22HTTP_ACCEPT%22%3Bs%3A135%3A%22text%2Fhtml%2Capplication%2Fxhtml%2Bxml%2Capplication%2Fxml%3Bq%3D0.9%2Cimage%2Favif%2Cimage%2Fwebp%2Cimage%2Fapng%2C%2A%2F%2A%3Bq%3D0.8%2Capplication%2Fsigned-exchange%3Bv%3Db3%3Bq%3D0.7%22%3Bs%3A19%3A%22HTTP_SEC_FETCH_SITE%22%3Bs%3A11%3A%22same-origin%22%3Bs%3A19%3A%22HTTP_SEC_FETCH_MODE%22%3Bs%3A8%3A%22navigate%22%3Bs%3A19%3A%22HTTP_SEC_FETCH_USER%22%3Bs%3A2%3A%22%3F1%22%3Bs%3A19%3A%22HTTP_SEC_FETCH_DEST%22%3Bs%3A8%3A%22document%22%3Bs%3A12%3A%22HTTP_REFERER%22%3Bs%3A22%3A%22http%3A%2F%2Flocalhost%3A8000%2F%22%3Bs%3A20%3A%22HTTP_ACCEPT_ENCODING%22%3Bs%3A23%3A%22gzip%2C+deflate%2C+br%2C+zstd%22%3Bs%3A20%3A%22HTTP_ACCEPT_LANGUAGE%22%3Bs%3A32%3A%22en-US%2Cen%3Bq%3D0.9%2Cru%3Bq%3D0.8%2Cuk%3Bq%3D0.7%22%3Bs%3A11%3A%22HTTP_COOKIE%22%3Bs%3A841%3A%22_ga%3DGA1.1.2133815245.1741171207%3B+NEXT_LOCALE%3Den%3B+_ga_X9154K7V57%3DGS2.1.s1757322348%24o2%24g0%24t1757322348%24j60%24l0%24h0%3B+_gcl_au%3D1.1.742147967.1758548070%3B+remember_web_59ba36addc2b2f9401580f014c7f58ea4e30989d%3DeyJpdiI6IndGa1l5aXJXRVdUOWhtdjJTbkxrVnc9PSIsInZhbHVlIjoiUStJZFczMmZ0bXZOTDgwYXpXdTJhQ2E5OVZzZllQZjQ5U1dRRWNVTUJCVlZWUm1UQW1LVmV3SUFKREtRTHpaWm10YmFkSFAwQnAvVEJrUHlTRmJwNVhVZDFVVFFRc1JrMTV0dG50MG9DeFZERTh3ak5jS0d2dVBnZk9yaVpEWG9mTHRhOUxteEZnb1pUU2luc1dMWkxnZHE4TjBtOGpzUUk4d2Njdjk2WktGUURNQ08vb3NUcncwVFk4aitZUGk4M2k4V2RPZzBuOGdRa3hJQzlSN3FTWWRObkhveG9NVkVCRHFsQUptTUdVOD0iLCJtYWMiOiI2NDUzZWNiOTRhNTBjODYxZWFhNjcwZjI5MGY1MTA5NGE2ZTBhMmJjMGVjYzAzNmIzZDE4ODJlZTY5M2ZmMWMxIiwidGFnIjoiIn0%253D%3B+preferredLocale%3Den%3B+admin_auth%3DYWRtaW46MTIzMTIz%3B+_ga_7YWVBBJP8X%3DGS2.1.s1760382478%24o37%24g1%24t1760387415%24j60%24l0%24h0%3B+PHPSESSID%3Dd6494b7f553732a48d408b2682633f46%22%3Bs%3A18%3A%22REQUEST_TIME_FLOAT%22%3Bd%3A1760620704.427937%3Bs%3A12%3A%22REQUEST_TIME%22%3Bi%3A1760620704%3B%7D",
        "utm_source": "",
        "utm_medium": "",
        "utm_term": "",
        "utm_content": "",
        "utm_campaign": "",
        "additional_1": "",
        "additional_2": "",
        "additional_3": "",
        "additional_4": ""
    }
}
--------------------------------------------------------------------------------
RESPONSE: {
    "timestamp": "2025-10-16 13:18:25",
    "order_id": "1760620704420877",
    "http_code": 200,
    "curl_error": "немає",
    "response": {
        "status": "ok",
        "data": [
            {
                "id": "5",
                "order_id": "1760620704420877",
                "country": "UA",
                "site": "localhost",
                "ip": "::1"
            }
        ],
        "message": [
            "Заказ успешно добавлен"
        ]
    }
}

