
2025-10-23 09:53:01 | NEW ORDER
{
    "timestamp": "2025-10-23 09:53:01",
    "order_id": "1761213181171509",
    "name": "тесе 23.10",
    "phone": "+380501111111",
    "country": "UA (авто-визначено по IP: 178.151.84.219)",
    "api_key_set": "ТАК",
    "full_data": {
        "key": "63f1bda9312c1cac1caa08614c01e7b3",
        "order_id": "1761213181171509",
        "country": "UA",
        "office": "1",
        "products": "a%3A1%3A%7Bi%3A0%3Ba%3A3%3A%7Bs%3A10%3A%22product_id%22%3Bs%3A1%3A%225%22%3Bs%3A5%3A%22price%22%3Bs%3A4%3A%221100%22%3Bs%3A5%3A%22count%22%3Bs%3A1%3A%221%22%3B%7D%7D",
        "bayer_name": "тесе 23.10",
        "phone": "+380501111111",
        "email": "",
        "comment": "",
        "notification": "",
        "delivery": "",
        "delivery_adress": "",
        "payment": "",
        "sender": "a%3A46%3A%7Bs%3A4%3A%22USER%22%3Bs%3A7%3A%22keitaro%22%3Bs%3A4%3A%22HOME%22%3Bs%3A13%3A%22%2Fhome%2Fkeitaro%22%3Bs%3A11%3A%22HTTP_COOKIE%22%3Bs%3A309%3A%22_fbp%3Dfb.1.1757428558884.112100764301259668%3B+_fbc%3Dfb.1.1758202493100.%257Bfbclid%257D%3B+PHPSESSID%3Dp6kqmjuklg9udorj2op68shq76%3B+utm_source%3D%257B%257Bsite_source_name%257D%257D%3B+utm_campaign%3D%257B%257Bcampaign.name%257D%257D%3B+_subid%3D3dgk6hu1mgs8%3B+_token%3Duuid_3dgk6hu1mgs8_3dgk6hu1mgs868f51ebf1e0009.56410927%3B+viewedOuibounceModal%3Dtrue%22%3Bs%3A20%3A%22HTTP_ACCEPT_LANGUAGE%22%3Bs%3A65%3A%22ru-UA%2Cru%3Bq%3D0.9%2Cru-RU%3Bq%3D0.8%2Cen-US%3Bq%3D0.7%2Cen%3Bq%3D0.6%2Cuk%3Bq%3D0.5%2Cfr%3Bq%3D0.4%22%3Bs%3A20%3A%22HTTP_ACCEPT_ENCODING%22%3Bs%3A23%3A%22gzip%2C+deflate%2C+br%2C+zstd%22%3Bs%3A12%3A%22HTTP_REFERER%22%3Bs%3A249%3A%22https%3A%2F%2Fmrdick.online%2FYBNHRqfC%3Ffbclid%3D%7Bfbclid%7D%26utm_campaign%3D%7B%7Bcampaign.name%7D%7D%26utm_source%3D%7B%7Bsite_source_name%7D%7D%26utm_placement%3D%7B%7Bplacement%7D%7D%26campaign_id%3D%7B%7Bcampaign.id%7D%7D%26adset_id%3D%7B%7Badset.id%7D%7D%26ad_id%3D%7B%7Bad.id%7D%7D%26adset_name%3D%7B%7Badset.name%7D%7D%26ad_name%3D%7B%7Bad.name%7D%7D%22%3Bs%3A19%3A%22HTTP_SEC_FETCH_DEST%22%3Bs%3A8%3A%22document%22%3Bs%3A19%3A%22HTTP_SEC_FETCH_USER%22%3Bs%3A2%3A%22%3F1%22%3Bs%3A19%3A%22HTTP_SEC_FETCH_MODE%22%3Bs%3A8%3A%22navigate%22%3Bs%3A19%3A%22HTTP_SEC_FETCH_SITE%22%3Bs%3A11%3A%22same-origin%22%3Bs%3A11%3A%22HTTP_ACCEPT%22%3Bs%3A135%3A%22text%2Fhtml%2Capplication%2Fxhtml%2Bxml%2Capplication%2Fxml%3Bq%3D0.9%2Cimage%2Favif%2Cimage%2Fwebp%2Cimage%2Fapng%2C%2A%2F%2A%3Bq%3D0.8%2Capplication%2Fsigned-exchange%3Bv%3Db3%3Bq%3D0.7%22%3Bs%3A15%3A%22HTTP_USER_AGENT%22%3Bs%3A111%3A%22Mozilla%2F5.0+%28Windows+NT+10.0%3B+Win64%3B+x64%29+AppleWebKit%2F537.36+%28KHTML%2C+like+Gecko%29+Chrome%2F141.0.0.0+Safari%2F537.36%22%3Bs%3A30%3A%22HTTP_UPGRADE_INSECURE_REQUESTS%22%3Bs%3A1%3A%221%22%3Bs%3A17%3A%22HTTP_CONTENT_TYPE%22%3Bs%3A33%3A%22application%2Fx-www-form-urlencoded%22%3Bs%3A11%3A%22HTTP_ORIGIN%22%3Bs%3A21%3A%22https%3A%2F%2Fmrdick.online%22%3Bs%3A23%3A%22HTTP_SEC_CH_UA_PLATFORM%22%3Bs%3A9%3A%22%22Windows%22%22%3Bs%3A21%3A%22HTTP_SEC_CH_UA_MOBILE%22%3Bs%3A2%3A%22%3F0%22%3Bs%3A14%3A%22HTTP_SEC_CH_UA%22%3Bs%3A64%3A%22%22Google+Chrome%22%3Bv%3D%22141%22%2C+%22Not%3FA_Brand%22%3Bv%3D%228%22%2C+%22Chromium%22%3Bv%3D%22141%22%22%3Bs%3A18%3A%22HTTP_CACHE_CONTROL%22%3Bs%3A9%3A%22max-age%3D0%22%3Bs%3A19%3A%22HTTP_CONTENT_LENGTH%22%3Bs%3A4%3A%222174%22%3Bs%3A15%3A%22HTTP_CONNECTION%22%3Bs%3A10%3A%22keep-alive%22%3Bs%3A9%3A%22HTTP_HOST%22%3Bs%3A13%3A%22mrdick.online%22%3Bs%3A15%3A%22REDIRECT_STATUS%22%3Bs%3A3%3A%22200%22%3Bs%3A11%3A%22SERVER_NAME%22%3Bs%3A13%3A%22mrdick.online%22%3Bs%3A11%3A%22SERVER_PORT%22%3Bs%3A3%3A%22443%22%3Bs%3A11%3A%22SERVER_ADDR%22%3Bs%3A13%3A%22185.253.45.62%22%3Bs%3A11%3A%22REMOTE_PORT%22%3Bs%3A5%3A%2254345%22%3Bs%3A11%3A%22REMOTE_ADDR%22%3Bs%3A14%3A%22178.151.84.219%22%3Bs%3A15%3A%22SERVER_SOFTWARE%22%3Bs%3A12%3A%22nginx%2F1.15.8%22%3Bs%3A17%3A%22GATEWAY_INTERFACE%22%3Bs%3A7%3A%22CGI%2F1.1%22%3Bs%3A5%3A%22HTTPS%22%3Bs%3A2%3A%22on%22%3Bs%3A14%3A%22REQUEST_SCHEME%22%3Bs%3A5%3A%22https%22%3Bs%3A15%3A%22SERVER_PROTOCOL%22%3Bs%3A8%3A%22HTTP%2F1.1%22%3Bs%3A13%3A%22DOCUMENT_ROOT%22%3Bs%3A16%3A%22%2Fvar%2Fwww%2Fkeitaro%22%3Bs%3A12%3A%22DOCUMENT_URI%22%3Bs%3A67%3A%22%2Flander%2Fhammer-of-thor--top-blog--egipet_1760692327%2Fapi%2Fsuccess.php%22%3Bs%3A11%3A%22REQUEST_URI%22%3Bs%3A67%3A%22%2Flander%2Fhammer-of-thor--top-blog--egipet_1760692327%2Fapi%2Fsuccess.php%22%3Bs%3A11%3A%22SCRIPT_NAME%22%3Bs%3A67%3A%22%2Flander%2Fhammer-of-thor--top-blog--egipet_1760692327%2Fapi%2Fsuccess.php%22%3Bs%3A14%3A%22CONTENT_LENGTH%22%3Bs%3A4%3A%222174%22%3Bs%3A12%3A%22CONTENT_TYPE%22%3Bs%3A33%3A%22application%2Fx-www-form-urlencoded%22%3Bs%3A14%3A%22REQUEST_METHOD%22%3Bs%3A4%3A%22POST%22%3Bs%3A12%3A%22QUERY_STRING%22%3Bs%3A0%3A%22%22%3Bs%3A15%3A%22SCRIPT_FILENAME%22%3Bs%3A83%3A%22%2Fvar%2Fwww%2Fkeitaro%2Flander%2Fhammer-of-thor--top-blog--egipet_1760692327%2Fapi%2Fsuccess.php%22%3Bs%3A9%3A%22FCGI_ROLE%22%3Bs%3A9%3A%22RESPONDER%22%3Bs%3A8%3A%22PHP_SELF%22%3Bs%3A67%3A%22%2Flander%2Fhammer-of-thor--top-blog--egipet_1760692327%2Fapi%2Fsuccess.php%22%3Bs%3A18%3A%22REQUEST_TIME_FLOAT%22%3Bd%3A1761213181.068033%3Bs%3A12%3A%22REQUEST_TIME%22%3Bi%3A1761213181%3B%7D",
        "utm_source": "",
        "utm_medium": "",
        "utm_term": "",
        "utm_content": "",
        "utm_campaign": "",
        "additional_1": "",
        "additional_2": "",
        "additional_3": "",
        "additional_4": ""
    }
}
--------------------------------------------------------------------------------
RESPONSE: {
    "timestamp": "2025-10-23 09:53:02",
    "order_id": "1761213181171509",
    "http_code": 200,
    "curl_error": "немає",
    "response": {
        "status": "ok",
        "data": [
            {
                "id": "10",
                "order_id": "1761213181171509",
                "country": "UA",
                "site": "mrdick.online",
                "ip": "178.151.84.219"
            }
        ],
        "message": [
            "Заказ успешно добавлен"
        ]
    }
}


2025-10-23 11:48:45 | NEW ORDER
{
    "timestamp": "2025-10-23 11:48:45",
    "order_id": "1761220125088384",
    "name": "test123",
    "phone": "+380501111111",
    "country": "UA (авто-визначено по IP: 46.96.87.91)",
    "api_key_set": "ТАК",
    "full_data": {
        "key": "63f1bda9312c1cac1caa08614c01e7b3",
        "order_id": "1761220125088384",
        "country": "UA",
        "office": "1",
        "products": "a%3A1%3A%7Bi%3A0%3Ba%3A3%3A%7Bs%3A10%3A%22product_id%22%3Bs%3A1%3A%225%22%3Bs%3A5%3A%22price%22%3Bs%3A4%3A%221100%22%3Bs%3A5%3A%22count%22%3Bs%3A1%3A%221%22%3B%7D%7D",
        "bayer_name": "test123",
        "phone": "+380501111111",
        "email": "",
        "comment": "",
        "notification": "",
        "delivery": "",
        "delivery_adress": "",
        "payment": "",
        "sender": "a%3A46%3A%7Bs%3A4%3A%22USER%22%3Bs%3A7%3A%22keitaro%22%3Bs%3A4%3A%22HOME%22%3Bs%3A13%3A%22%2Fhome%2Fkeitaro%22%3Bs%3A11%3A%22HTTP_COOKIE%22%3Bs%3A532%3A%22_fbp%3Dfb.1.1757428558884.112100764301259668%3B+_fbc%3Dfb.1.1758202493100.%257Bfbclid%257D%3B+PHPSESSID%3Dp6kqmjuklg9udorj2op68shq76%3B+utm_source%3D%257B%257Bsite_source_name%257D%257D%3B+utm_campaign%3D%257B%257Bcampaign.name%257D%257D%3B+viewedOuibounceModal%3Dtrue%3B+a7eb3%3DeyJ0eXAiOiJKV1QiLCJhbGciOiJIUzI1NiJ9.eyJkYXRhIjoie1wic3RyZWFtc1wiOntcIjQ3N1wiOjE3NjEyMTMzNjF9LFwiY2FtcGFpZ25zXCI6e1wiMTkyXCI6MTc2MTIxMzM2MX0sXCJ0aW1lXCI6MTc2MTIxMzM2MX0ifQ.XEM5wk7k5jL9fCMuHSXmvfcPbi_dptrEHy8O9qglPSc%3B+_subid%3D313lq4e1nd5t%3B+_token%3Duuid_313lq4e1nd5t_313lq4e1nd5t68fa159e7b3bd1.68317506%22%3Bs%3A20%3A%22HTTP_ACCEPT_LANGUAGE%22%3Bs%3A65%3A%22ru-UA%2Cru%3Bq%3D0.9%2Cru-RU%3Bq%3D0.8%2Cen-US%3Bq%3D0.7%2Cen%3Bq%3D0.6%2Cuk%3Bq%3D0.5%2Cfr%3Bq%3D0.4%22%3Bs%3A20%3A%22HTTP_ACCEPT_ENCODING%22%3Bs%3A23%3A%22gzip%2C+deflate%2C+br%2C+zstd%22%3Bs%3A12%3A%22HTTP_REFERER%22%3Bs%3A249%3A%22https%3A%2F%2Fmrdick.online%2FYBNHRqfC%3Ffbclid%3D%7Bfbclid%7D%26utm_campaign%3D%7B%7Bcampaign.name%7D%7D%26utm_source%3D%7B%7Bsite_source_name%7D%7D%26utm_placement%3D%7B%7Bplacement%7D%7D%26campaign_id%3D%7B%7Bcampaign.id%7D%7D%26adset_id%3D%7B%7Badset.id%7D%7D%26ad_id%3D%7B%7Bad.id%7D%7D%26adset_name%3D%7B%7Badset.name%7D%7D%26ad_name%3D%7B%7Bad.name%7D%7D%22%3Bs%3A19%3A%22HTTP_SEC_FETCH_DEST%22%3Bs%3A8%3A%22document%22%3Bs%3A19%3A%22HTTP_SEC_FETCH_USER%22%3Bs%3A2%3A%22%3F1%22%3Bs%3A19%3A%22HTTP_SEC_FETCH_MODE%22%3Bs%3A8%3A%22navigate%22%3Bs%3A19%3A%22HTTP_SEC_FETCH_SITE%22%3Bs%3A11%3A%22same-origin%22%3Bs%3A11%3A%22HTTP_ACCEPT%22%3Bs%3A135%3A%22text%2Fhtml%2Capplication%2Fxhtml%2Bxml%2Capplication%2Fxml%3Bq%3D0.9%2Cimage%2Favif%2Cimage%2Fwebp%2Cimage%2Fapng%2C%2A%2F%2A%3Bq%3D0.8%2Capplication%2Fsigned-exchange%3Bv%3Db3%3Bq%3D0.7%22%3Bs%3A15%3A%22HTTP_USER_AGENT%22%3Bs%3A111%3A%22Mozilla%2F5.0+%28Windows+NT+10.0%3B+Win64%3B+x64%29+AppleWebKit%2F537.36+%28KHTML%2C+like+Gecko%29+Chrome%2F141.0.0.0+Safari%2F537.36%22%3Bs%3A30%3A%22HTTP_UPGRADE_INSECURE_REQUESTS%22%3Bs%3A1%3A%221%22%3Bs%3A17%3A%22HTTP_CONTENT_TYPE%22%3Bs%3A33%3A%22application%2Fx-www-form-urlencoded%22%3Bs%3A11%3A%22HTTP_ORIGIN%22%3Bs%3A21%3A%22https%3A%2F%2Fmrdick.online%22%3Bs%3A23%3A%22HTTP_SEC_CH_UA_PLATFORM%22%3Bs%3A9%3A%22%22Windows%22%22%3Bs%3A21%3A%22HTTP_SEC_CH_UA_MOBILE%22%3Bs%3A2%3A%22%3F0%22%3Bs%3A14%3A%22HTTP_SEC_CH_UA%22%3Bs%3A64%3A%22%22Google+Chrome%22%3Bv%3D%22141%22%2C+%22Not%3FA_Brand%22%3Bv%3D%228%22%2C+%22Chromium%22%3Bv%3D%22141%22%22%3Bs%3A18%3A%22HTTP_CACHE_CONTROL%22%3Bs%3A9%3A%22max-age%3D0%22%3Bs%3A19%3A%22HTTP_CONTENT_LENGTH%22%3Bs%3A4%3A%222120%22%3Bs%3A15%3A%22HTTP_CONNECTION%22%3Bs%3A10%3A%22keep-alive%22%3Bs%3A9%3A%22HTTP_HOST%22%3Bs%3A13%3A%22mrdick.online%22%3Bs%3A15%3A%22REDIRECT_STATUS%22%3Bs%3A3%3A%22200%22%3Bs%3A11%3A%22SERVER_NAME%22%3Bs%3A13%3A%22mrdick.online%22%3Bs%3A11%3A%22SERVER_PORT%22%3Bs%3A3%3A%22443%22%3Bs%3A11%3A%22SERVER_ADDR%22%3Bs%3A13%3A%22185.253.45.62%22%3Bs%3A11%3A%22REMOTE_PORT%22%3Bs%3A5%3A%2217662%22%3Bs%3A11%3A%22REMOTE_ADDR%22%3Bs%3A11%3A%2246.96.87.91%22%3Bs%3A15%3A%22SERVER_SOFTWARE%22%3Bs%3A12%3A%22nginx%2F1.15.8%22%3Bs%3A17%3A%22GATEWAY_INTERFACE%22%3Bs%3A7%3A%22CGI%2F1.1%22%3Bs%3A5%3A%22HTTPS%22%3Bs%3A2%3A%22on%22%3Bs%3A14%3A%22REQUEST_SCHEME%22%3Bs%3A5%3A%22https%22%3Bs%3A15%3A%22SERVER_PROTOCOL%22%3Bs%3A8%3A%22HTTP%2F1.1%22%3Bs%3A13%3A%22DOCUMENT_ROOT%22%3Bs%3A16%3A%22%2Fvar%2Fwww%2Fkeitaro%22%3Bs%3A12%3A%22DOCUMENT_URI%22%3Bs%3A67%3A%22%2Flander%2Fhammer-of-thor--top-blog--egipet_1760692327%2Fapi%2Fsuccess.php%22%3Bs%3A11%3A%22REQUEST_URI%22%3Bs%3A67%3A%22%2Flander%2Fhammer-of-thor--top-blog--egipet_1760692327%2Fapi%2Fsuccess.php%22%3Bs%3A11%3A%22SCRIPT_NAME%22%3Bs%3A67%3A%22%2Flander%2Fhammer-of-thor--top-blog--egipet_1760692327%2Fapi%2Fsuccess.php%22%3Bs%3A14%3A%22CONTENT_LENGTH%22%3Bs%3A4%3A%222120%22%3Bs%3A12%3A%22CONTENT_TYPE%22%3Bs%3A33%3A%22application%2Fx-www-form-urlencoded%22%3Bs%3A14%3A%22REQUEST_METHOD%22%3Bs%3A4%3A%22POST%22%3Bs%3A12%3A%22QUERY_STRING%22%3Bs%3A0%3A%22%22%3Bs%3A15%3A%22SCRIPT_FILENAME%22%3Bs%3A83%3A%22%2Fvar%2Fwww%2Fkeitaro%2Flander%2Fhammer-of-thor--top-blog--egipet_1760692327%2Fapi%2Fsuccess.php%22%3Bs%3A9%3A%22FCGI_ROLE%22%3Bs%3A9%3A%22RESPONDER%22%3Bs%3A8%3A%22PHP_SELF%22%3Bs%3A67%3A%22%2Flander%2Fhammer-of-thor--top-blog--egipet_1760692327%2Fapi%2Fsuccess.php%22%3Bs%3A18%3A%22REQUEST_TIME_FLOAT%22%3Bd%3A1761220125.033811%3Bs%3A12%3A%22REQUEST_TIME%22%3Bi%3A1761220125%3B%7D",
        "utm_source": "",
        "utm_medium": "",
        "utm_term": "",
        "utm_content": "",
        "utm_campaign": "",
        "additional_1": "",
        "additional_2": "",
        "additional_3": "",
        "additional_4": ""
    }
}
--------------------------------------------------------------------------------
RESPONSE: {
    "timestamp": "2025-10-23 11:48:46",
    "order_id": "1761220125088384",
    "http_code": 200,
    "curl_error": "немає",
    "response": {
        "status": "ok",
        "data": [
            {
                "id": "12",
                "order_id": "1761220125088384",
                "country": "UA",
                "site": "mrdick.online",
                "ip": "46.96.87.91"
            }
        ],
        "message": [
            "Заказ успешно добавлен"
        ]
    }
}

